Vivado Simulator 2019.2
Copyright 1986-1999, 2001-2019 Xilinx, Inc. All Rights Reserved.
Running: D:/Xilinx/Vivado/2019.2/bin/unwrapped/win64.o/xelab.exe -wto 0603aa80dc32498d8efc3cfa0abe9ba8 --incr --debug typical --relax --mt 2 -L xil_defaultlib -L secureip --snapshot in_first_wz_behav xil_defaultlib.in_first_wz -log elaborate.log 
Using 2 slave threads.
Starting static elaboration
Completed static elaboration
Starting simulation data flow analysis
Completed simulation data flow analysis
Time Resolution for simulation is 1ps
Compiling package std.standard
Compiling package std.textio
Compiling package ieee.std_logic_1164
Compiling package ieee.numeric_std
Compiling package ieee.std_logic_arith
Compiling package ieee.std_logic_unsigned
Compiling architecture behavioral of entity xil_defaultlib.compare_and_codify [compare_and_codify_default]
Compiling architecture behavioral of entity xil_defaultlib.flipflop_td [flipflop_td_default]
Compiling architecture behavioral of entity xil_defaultlib.flipflop_variable [flipflop_variable_default]
Compiling architecture behavioral of entity xil_defaultlib.clock_controller [clock_controller_default]
Compiling architecture behavioral of entity xil_defaultlib.fsm_counter [fsm_counter_default]
Compiling architecture structural of entity xil_defaultlib.project_reti_logiche [project_reti_logiche_default]
Compiling architecture projecttb of entity xil_defaultlib.in_first_wz
Built simulation snapshot in_first_wz_behav
